<?xml version="1.0" encoding="UTF-8"?>
<!-- Generated by org.testng.reporters.JUnitReportReporter -->
<testsuite hostname="LAPTOP-AOTFQ1S8" failures="0" tests="2" name="com.demo.SwagLabs.modules.AddItemToCartTest" time="18.751" errors="0" timestamp="2023-01-09T17:05:53 IST" skipped="0">
  <testcase classname="com.demo.SwagLabs.modules.AddItemToCartTest" name="addItemToCartTest" time="16.126"/>
  <system-out/>
  <testcase classname="com.demo.SwagLabs.modules.AddItemToCartTest" name="print_All_Products_Test" time="2.625"/>
  <system-out/>
</testsuite> <!-- com.demo.SwagLabs.modules.AddItemToCartTest -->
