<?xml version="1.0" encoding="UTF-8"?>
<!-- Generated by org.testng.reporters.JUnitReportReporter -->
<testsuite hostname="LAPTOP-AOTFQ1S8" failures="0" tests="2" name="com.demo.SwagLabs.modules.TC_001_AddItemToCartTest" time="23.070" errors="0" timestamp="2023-01-09T20:11:56 IST" skipped="0">
  <testcase classname="com.demo.SwagLabs.modules.TC_001_AddItemToCartTest" name="addItemToCartTest" time="11.757"/>
  <system-out/>
  <testcase classname="com.demo.SwagLabs.modules.TC_001_AddItemToCartTest" name="addItemToCartTest" time="11.313"/>
  <system-out/>
</testsuite> <!-- com.demo.SwagLabs.modules.TC_001_AddItemToCartTest -->
