<?xml version="1.0" encoding="UTF-8"?>
<!-- Generated by org.testng.reporters.JUnitReportReporter -->
<testsuite hostname="LAPTOP-AOTFQ1S8" failures="0" tests="1" name="com.demo.SwagLabs.modules.Print_All_Products_Test" time="5.323" errors="0" timestamp="2023-01-09T15:43:14 IST" skipped="0">
  <testcase classname="com.demo.SwagLabs.modules.Print_All_Products_Test" name="print_All_Products_Test" time="5.323"/>
  <system-out/>
</testsuite> <!-- com.demo.SwagLabs.modules.Print_All_Products_Test -->
