<?xml version="1.0" encoding="UTF-8"?>
<!-- Generated by org.testng.reporters.JUnitReportReporter -->
<testsuite hostname="LAPTOP-AOTFQ1S8" failures="0" tests="3" name="com.demo.SwagLabs.modules.TC_002_Print_All_Products_Test" time="27.689" errors="0" timestamp="2023-01-09T20:30:26 IST" skipped="0">
  <testcase classname="com.demo.SwagLabs.modules.TC_002_Print_All_Products_Test" name="print_All_Products_Test" time="10.186"/>
  <system-out/>
  <testcase classname="com.demo.SwagLabs.modules.TC_002_Print_All_Products_Test" name="print_All_Products_Test" time="5.774"/>
  <system-out/>
  <testcase classname="com.demo.SwagLabs.modules.TC_002_Print_All_Products_Test" name="print_All_Products_Test" time="11.729"/>
  <system-out/>
</testsuite> <!-- com.demo.SwagLabs.modules.TC_002_Print_All_Products_Test -->
